{"/Users/Nour/Desktop/Development/lucidworks-test/search-spa/src/components/Listing.vue": {"path":"/Users/Nour/Desktop/Development/lucidworks-test/search-spa/src/components/Listing.vue","statementMap":{"0":{"start":{"line":61,"column":0},"end":{"line":null,"column":-1}},"1":{"start":{"line":62,"column":0},"end":{"line":null,"column":-1}},"2":{"start":{"line":63,"column":0},"end":{"line":null,"column":-1}},"3":{"start":{"line":64,"column":0},"end":{"line":null,"column":-1}},"4":{"start":{"line":69,"column":0},"end":{"line":null,"column":-1}},"5":{"start":{"line":89,"column":0},"end":{"line":null,"column":-1}},"6":{"start":{"line":92,"column":0},"end":{"line":null,"column":-1}},"7":{"start":{"line":97,"column":0},"end":{"line":null,"column":-1}},"8":{"start":{"line":99,"column":0},"end":{"line":null,"column":-1}},"9":{"start":{"line":102,"column":0},"end":{"line":106,"column":0}},"10":{"start":{"line":103,"column":0},"end":{"line":null,"column":-1}},"11":{"start":{"line":105,"column":0},"end":{"line":null,"column":-1}},"12":{"start":{"line":110,"column":0},"end":{"line":null,"column":-1}},"13":{"start":{"line":111,"column":0},"end":{"line":null,"column":-1}},"14":{"start":{"line":112,"column":0},"end":{"line":null,"column":-1}},"15":{"start":{"line":116,"column":0},"end":{"line":null,"column":-1}},"16":{"start":{"line":117,"column":0},"end":{"line":null,"column":-1}},"17":{"start":{"line":118,"column":0},"end":{"line":122,"column":0}},"18":{"start":{"line":119,"column":0},"end":{"line":null,"column":-1}},"19":{"start":{"line":121,"column":0},"end":{"line":null,"column":-1}},"20":{"start":{"line":125,"column":0},"end":{"line":null,"column":-1}},"21":{"start":{"line":126,"column":0},"end":{"line":128,"column":0}},"22":{"start":{"line":127,"column":0},"end":{"line":null,"column":-1}},"23":{"start":{"line":130,"column":0},"end":{"line":null,"column":-1}},"24":{"start":{"line":132,"column":0},"end":{"line":162,"column":0}},"25":{"start":{"line":132,"column":0},"end":{"line":null,"column":-1}},"26":{"start":{"line":133,"column":0},"end":{"line":null,"column":-1}},"27":{"start":{"line":134,"column":0},"end":{"line":null,"column":-1}},"28":{"start":{"line":135,"column":0},"end":{"line":null,"column":-1}},"29":{"start":{"line":136,"column":0},"end":{"line":null,"column":-1}},"30":{"start":{"line":137,"column":0},"end":{"line":146,"column":0}},"31":{"start":{"line":138,"column":0},"end":{"line":null,"column":-1}},"32":{"start":{"line":139,"column":0},"end":{"line":null,"column":-1}},"33":{"start":{"line":140,"column":0},"end":{"line":null,"column":-1}},"34":{"start":{"line":141,"column":0},"end":{"line":null,"column":-1}},"35":{"start":{"line":142,"column":0},"end":{"line":null,"column":-1}},"36":{"start":{"line":143,"column":0},"end":{"line":null,"column":-1}},"37":{"start":{"line":144,"column":0},"end":{"line":null,"column":-1}},"38":{"start":{"line":145,"column":0},"end":{"line":null,"column":-1}},"39":{"start":{"line":147,"column":0},"end":{"line":null,"column":-1}},"40":{"start":{"line":148,"column":0},"end":{"line":null,"column":-1}},"41":{"start":{"line":149,"column":0},"end":{"line":159,"column":0}},"42":{"start":{"line":150,"column":0},"end":{"line":null,"column":-1}},"43":{"start":{"line":151,"column":0},"end":{"line":null,"column":-1}},"44":{"start":{"line":152,"column":0},"end":{"line":null,"column":-1}},"45":{"start":{"line":153,"column":0},"end":{"line":null,"column":-1}},"46":{"start":{"line":154,"column":0},"end":{"line":null,"column":-1}},"47":{"start":{"line":155,"column":0},"end":{"line":null,"column":-1}},"48":{"start":{"line":156,"column":0},"end":{"line":null,"column":-1}},"49":{"start":{"line":157,"column":0},"end":{"line":null,"column":-1}},"50":{"start":{"line":158,"column":0},"end":{"line":null,"column":-1}},"51":{"start":{"line":161,"column":0},"end":{"line":null,"column":-1}},"52":{"start":{"line":165,"column":0},"end":{"line":169,"column":0}},"53":{"start":{"line":166,"column":0},"end":{"line":null,"column":-1}},"54":{"start":{"line":168,"column":0},"end":{"line":null,"column":-1}},"55":{"start":{"line":170,"column":0},"end":{"line":null,"column":-1}},"56":{"start":{"line":173,"column":0},"end":{"line":null,"column":-1}},"57":{"start":{"line":174,"column":0},"end":{"line":176,"column":0}},"58":{"start":{"line":175,"column":0},"end":{"line":null,"column":-1}},"59":{"start":{"line":179,"column":0},"end":{"line":null,"column":-1}},"60":{"start":{"line":181,"column":0},"end":{"line":null,"column":-1}},"61":{"start":{"line":182,"column":0},"end":{"line":null,"column":-1}},"62":{"start":{"line":183,"column":0},"end":{"line":200,"column":0}},"63":{"start":{"line":184,"column":0},"end":{"line":189,"column":0}},"64":{"start":{"line":186,"column":0},"end":{"line":188,"column":0}},"65":{"start":{"line":187,"column":0},"end":{"line":null,"column":-1}},"66":{"start":{"line":191,"column":0},"end":{"line":199,"column":0}},"67":{"start":{"line":192,"column":0},"end":{"line":null,"column":-1}},"68":{"start":{"line":193,"column":0},"end":{"line":null,"column":-1}},"69":{"start":{"line":195,"column":0},"end":{"line":null,"column":-1}},"70":{"start":{"line":196,"column":0},"end":{"line":198,"column":0}},"71":{"start":{"line":197,"column":0},"end":{"line":null,"column":-1}}},"fnMap":{"0":{"name":"data","decl":{"start":{"line":68,"column":0},"end":{"line":null,"column":-1}},"loc":{"start":{"line":68,"column":0},"end":{"line":81,"column":0}}},"1":{"name":"start","decl":{"start":{"line":88,"column":0},"end":{"line":null,"column":-1}},"loc":{"start":{"line":88,"column":0},"end":{"line":90,"column":0}}},"2":{"name":"searchTerm","decl":{"start":{"line":91,"column":0},"end":{"line":null,"column":-1}},"loc":{"start":{"line":91,"column":0},"end":{"line":93,"column":0}}},"3":{"name":"start","decl":{"start":{"line":96,"column":0},"end":{"line":null,"column":-1}},"loc":{"start":{"line":96,"column":0},"end":{"line":100,"column":0}}},"4":{"name":"searchTerm","decl":{"start":{"line":101,"column":0},"end":{"line":null,"column":-1}},"loc":{"start":{"line":101,"column":0},"end":{"line":107,"column":0}}},"5":{"name":"mounted","decl":{"start":{"line":109,"column":0},"end":{"line":null,"column":-1}},"loc":{"start":{"line":109,"column":0},"end":{"line":113,"column":0}}},"6":{"name":"createSession","decl":{"start":{"line":115,"column":0},"end":{"line":null,"column":-1}},"loc":{"start":{"line":115,"column":0},"end":{"line":123,"column":0}}},"7":{"name":"(anonymous_9)","decl":{"start":{"line":118,"column":0},"end":{"line":null,"column":-1}},"loc":{"start":{"line":118,"column":0},"end":{"line":120,"column":0}}},"8":{"name":"(anonymous_10)","decl":{"start":{"line":120,"column":0},"end":{"line":null,"column":-1}},"loc":{"start":{"line":120,"column":0},"end":{"line":122,"column":0}}},"9":{"name":"getFusionData","decl":{"start":{"line":124,"column":0},"end":{"line":null,"column":-1}},"loc":{"start":{"line":124,"column":0},"end":{"line":163,"column":0}}},"10":{"name":"(anonymous_12)","decl":{"start":{"line":132,"column":0},"end":{"line":null,"column":-1}},"loc":{"start":{"line":132,"column":0},"end":{"line":160,"column":0}}},"11":{"name":"(anonymous_13)","decl":{"start":{"line":149,"column":0},"end":{"line":null,"column":-1}},"loc":{"start":{"line":149,"column":0},"end":{"line":159,"column":0}}},"12":{"name":"(anonymous_14)","decl":{"start":{"line":160,"column":0},"end":{"line":null,"column":-1}},"loc":{"start":{"line":160,"column":0},"end":{"line":162,"column":0}}},"13":{"name":"toggleFacet","decl":{"start":{"line":164,"column":0},"end":{"line":null,"column":-1}},"loc":{"start":{"line":164,"column":0},"end":{"line":171,"column":0}}},"14":{"name":"getBookmarks","decl":{"start":{"line":172,"column":0},"end":{"line":null,"column":-1}},"loc":{"start":{"line":172,"column":0},"end":{"line":177,"column":0}}},"15":{"name":"searchBookmark","decl":{"start":{"line":178,"column":0},"end":{"line":null,"column":-1}},"loc":{"start":{"line":178,"column":0},"end":{"line":180,"column":0}}},"16":{"name":"addBookmark","decl":{"start":{"line":181,"column":0},"end":{"line":null,"column":-1}},"loc":{"start":{"line":181,"column":0},"end":{"line":201,"column":0}}},"17":{"name":"(anonymous_19)","decl":{"start":{"line":184,"column":0},"end":{"line":null,"column":-1}},"loc":{"start":{"line":184,"column":0},"end":{"line":189,"column":0}}},"18":{"name":"(anonymous_20)","decl":{"start":{"line":196,"column":0},"end":{"line":null,"column":-1}},"loc":{"start":{"line":196,"column":0},"end":{"line":198,"column":0}}}},"branchMap":{"0":{"loc":{"start":{"line":97,"column":0},"end":{"line":null,"column":-1}},"type":"cond-expr","locations":[{"start":{"line":97,"column":0},"end":{"line":null,"column":-1}},{"start":{"line":97,"column":0},"end":{"line":null,"column":-1}}]},"1":{"loc":{"start":{"line":102,"column":0},"end":{"line":106,"column":0}},"type":"if","locations":[{"start":{"line":102,"column":0},"end":{"line":106,"column":0}},{"start":{"line":102,"column":0},"end":{"line":106,"column":0}}]},"2":{"loc":{"start":{"line":102,"column":0},"end":{"line":null,"column":-1}},"type":"binary-expr","locations":[{"start":{"line":102,"column":0},"end":{"line":null,"column":-1}},{"start":{"line":102,"column":0},"end":{"line":null,"column":-1}}]},"3":{"loc":{"start":{"line":165,"column":0},"end":{"line":169,"column":0}},"type":"if","locations":[{"start":{"line":165,"column":0},"end":{"line":169,"column":0}},{"start":{"line":165,"column":0},"end":{"line":169,"column":0}}]},"4":{"loc":{"start":{"line":174,"column":0},"end":{"line":176,"column":0}},"type":"if","locations":[{"start":{"line":174,"column":0},"end":{"line":176,"column":0}},{"start":{"line":174,"column":0},"end":{"line":176,"column":0}}]},"5":{"loc":{"start":{"line":174,"column":0},"end":{"line":null,"column":-1}},"type":"binary-expr","locations":[{"start":{"line":174,"column":0},"end":{"line":null,"column":-1}},{"start":{"line":174,"column":0},"end":{"line":null,"column":-1}}]},"6":{"loc":{"start":{"line":183,"column":0},"end":{"line":200,"column":0}},"type":"if","locations":[{"start":{"line":183,"column":0},"end":{"line":200,"column":0}},{"start":{"line":183,"column":0},"end":{"line":200,"column":0}}]},"7":{"loc":{"start":{"line":183,"column":0},"end":{"line":null,"column":-1}},"type":"binary-expr","locations":[{"start":{"line":183,"column":0},"end":{"line":null,"column":-1}},{"start":{"line":183,"column":0},"end":{"line":null,"column":-1}}]},"8":{"loc":{"start":{"line":186,"column":0},"end":{"line":188,"column":0}},"type":"if","locations":[{"start":{"line":186,"column":0},"end":{"line":188,"column":0}},{"start":{"line":186,"column":0},"end":{"line":188,"column":0}}]},"9":{"loc":{"start":{"line":191,"column":0},"end":{"line":199,"column":0}},"type":"if","locations":[{"start":{"line":191,"column":0},"end":{"line":199,"column":0}},{"start":{"line":191,"column":0},"end":{"line":199,"column":0}}]}},"s":{"0":1,"1":1,"2":1,"3":1,"4":1,"5":0,"6":0,"7":2,"8":2,"9":2,"10":0,"11":2,"12":1,"13":1,"14":1,"15":1,"16":1,"17":1,"18":0,"19":0,"20":1,"21":1,"22":0,"23":1,"24":1,"25":0,"26":0,"27":0,"28":0,"29":0,"30":0,"31":0,"32":0,"33":0,"34":0,"35":0,"36":0,"37":0,"38":0,"39":0,"40":0,"41":0,"42":0,"43":0,"44":0,"45":0,"46":0,"47":0,"48":0,"49":0,"50":0,"51":0,"52":0,"53":0,"54":0,"55":0,"56":1,"57":1,"58":0,"59":0,"60":0,"61":0,"62":0,"63":0,"64":0,"65":0,"66":0,"67":0,"68":0,"69":0,"70":0,"71":0},"f":{"0":1,"1":0,"2":0,"3":2,"4":2,"5":1,"6":1,"7":0,"8":0,"9":1,"10":0,"11":0,"12":0,"13":0,"14":1,"15":0,"16":0,"17":0,"18":0},"b":{"0":[1,1],"1":[0,2],"2":[2,2],"3":[0,0],"4":[0,1],"5":[1,0],"6":[0,0],"7":[0,0],"8":[0,0],"9":[0,0]}}
,"/Users/Nour/Desktop/Development/lucidworks-test/search-spa/src/components/pageHeader.vue": {"path":"/Users/Nour/Desktop/Development/lucidworks-test/search-spa/src/components/pageHeader.vue","statementMap":{"0":{"start":{"line":23,"column":0},"end":{"line":null,"column":-1}},"1":{"start":{"line":29,"column":0},"end":{"line":null,"column":-1}},"2":{"start":{"line":35,"column":0},"end":{"line":null,"column":-1}},"3":{"start":{"line":36,"column":0},"end":{"line":40,"column":0}},"4":{"start":{"line":37,"column":0},"end":{"line":null,"column":-1}},"5":{"start":{"line":39,"column":0},"end":{"line":null,"column":-1}},"6":{"start":{"line":44,"column":0},"end":{"line":null,"column":-1}},"7":{"start":{"line":48,"column":0},"end":{"line":null,"column":-1}},"8":{"start":{"line":49,"column":0},"end":{"line":null,"column":-1}},"9":{"start":{"line":51,"column":0},"end":{"line":null,"column":-1}},"10":{"start":{"line":52,"column":0},"end":{"line":null,"column":-1}},"11":{"start":{"line":53,"column":0},"end":{"line":null,"column":-1}},"12":{"start":{"line":54,"column":0},"end":{"line":59,"column":0}},"13":{"start":{"line":56,"column":0},"end":{"line":58,"column":0}},"14":{"start":{"line":57,"column":0},"end":{"line":null,"column":-1}},"15":{"start":{"line":61,"column":0},"end":{"line":64,"column":0}},"16":{"start":{"line":62,"column":0},"end":{"line":null,"column":-1}},"17":{"start":{"line":63,"column":0},"end":{"line":null,"column":-1}},"18":{"start":{"line":67,"column":0},"end":{"line":69,"column":0}},"19":{"start":{"line":68,"column":0},"end":{"line":null,"column":-1}}},"fnMap":{"0":{"name":"data","decl":{"start":{"line":22,"column":0},"end":{"line":null,"column":-1}},"loc":{"start":{"line":22,"column":0},"end":{"line":26,"column":0}}},"1":{"name":"searchTerm","decl":{"start":{"line":28,"column":0},"end":{"line":null,"column":-1}},"loc":{"start":{"line":28,"column":0},"end":{"line":30,"column":0}}},"2":{"name":"searchHistory","decl":{"start":{"line":33,"column":0},"end":{"line":null,"column":-1}},"loc":{"start":{"line":33,"column":0},"end":{"line":41,"column":0}}},"3":{"name":"mounted","decl":{"start":{"line":43,"column":0},"end":{"line":null,"column":-1}},"loc":{"start":{"line":43,"column":0},"end":{"line":45,"column":0}}},"4":{"name":"search","decl":{"start":{"line":47,"column":0},"end":{"line":null,"column":-1}},"loc":{"start":{"line":47,"column":0},"end":{"line":50,"column":0}}},"5":{"name":"updateSearchHistory","decl":{"start":{"line":51,"column":0},"end":{"line":null,"column":-1}},"loc":{"start":{"line":51,"column":0},"end":{"line":65,"column":0}}},"6":{"name":"(anonymous_8)","decl":{"start":{"line":54,"column":0},"end":{"line":null,"column":-1}},"loc":{"start":{"line":54,"column":0},"end":{"line":59,"column":0}}},"7":{"name":"checkUrl","decl":{"start":{"line":66,"column":0},"end":{"line":null,"column":-1}},"loc":{"start":{"line":66,"column":0},"end":{"line":70,"column":0}}}},"branchMap":{"0":{"loc":{"start":{"line":36,"column":0},"end":{"line":40,"column":0}},"type":"if","locations":[{"start":{"line":36,"column":0},"end":{"line":40,"column":0}},{"start":{"line":36,"column":0},"end":{"line":40,"column":0}}]},"1":{"loc":{"start":{"line":36,"column":0},"end":{"line":null,"column":-1}},"type":"binary-expr","locations":[{"start":{"line":36,"column":0},"end":{"line":null,"column":-1}},{"start":{"line":36,"column":0},"end":{"line":null,"column":-1}}]},"2":{"loc":{"start":{"line":53,"column":0},"end":{"line":null,"column":-1}},"type":"if","locations":[{"start":{"line":53,"column":0},"end":{"line":null,"column":-1}},{"start":{"line":53,"column":0},"end":{"line":null,"column":-1}}]},"3":{"loc":{"start":{"line":56,"column":0},"end":{"line":58,"column":0}},"type":"if","locations":[{"start":{"line":56,"column":0},"end":{"line":58,"column":0}},{"start":{"line":56,"column":0},"end":{"line":58,"column":0}}]},"4":{"loc":{"start":{"line":61,"column":0},"end":{"line":64,"column":0}},"type":"if","locations":[{"start":{"line":61,"column":0},"end":{"line":64,"column":0}},{"start":{"line":61,"column":0},"end":{"line":64,"column":0}}]},"5":{"loc":{"start":{"line":61,"column":0},"end":{"line":null,"column":-1}},"type":"binary-expr","locations":[{"start":{"line":61,"column":0},"end":{"line":null,"column":-1}},{"start":{"line":61,"column":0},"end":{"line":null,"column":-1}}]},"6":{"loc":{"start":{"line":67,"column":0},"end":{"line":69,"column":0}},"type":"if","locations":[{"start":{"line":67,"column":0},"end":{"line":69,"column":0}},{"start":{"line":67,"column":0},"end":{"line":69,"column":0}}]},"7":{"loc":{"start":{"line":67,"column":0},"end":{"line":null,"column":-1}},"type":"binary-expr","locations":[{"start":{"line":67,"column":0},"end":{"line":null,"column":-1}},{"start":{"line":67,"column":0},"end":{"line":null,"column":-1}},{"start":{"line":67,"column":0},"end":{"line":null,"column":-1}}]}},"s":{"0":1,"1":0,"2":1,"3":1,"4":0,"5":1,"6":1,"7":1,"8":1,"9":1,"10":1,"11":1,"12":1,"13":0,"14":0,"15":1,"16":0,"17":0,"18":1,"19":0},"f":{"0":1,"1":0,"2":1,"3":1,"4":1,"5":1,"6":0,"7":1},"b":{"0":[0,1],"1":[1,0],"2":[0,1],"3":[0,0],"4":[0,1],"5":[1,1],"6":[0,1],"7":[1,1,0]}}
,"/Users/Nour/Desktop/Development/lucidworks-test/search-spa/src/components/pagination.vue": {"path":"/Users/Nour/Desktop/Development/lucidworks-test/search-spa/src/components/pagination.vue","statementMap":{"0":{"start":{"line":20,"column":0},"end":{"line":null,"column":-1}},"1":{"start":{"line":27,"column":0},"end":{"line":null,"column":-1}},"2":{"start":{"line":32,"column":0},"end":{"line":null,"column":-1}},"3":{"start":{"line":33,"column":0},"end":{"line":35,"column":0}},"4":{"start":{"line":34,"column":0},"end":{"line":null,"column":-1}},"5":{"start":{"line":36,"column":0},"end":{"line":null,"column":-1}},"6":{"start":{"line":37,"column":0},"end":{"line":null,"column":-1}}},"fnMap":{"0":{"name":"data","decl":{"start":{"line":19,"column":0},"end":{"line":null,"column":-1}},"loc":{"start":{"line":19,"column":0},"end":{"line":23,"column":0}}},"1":{"name":"totalPages","decl":{"start":{"line":25,"column":0},"end":{"line":null,"column":-1}},"loc":{"start":{"line":25,"column":0},"end":{"line":28,"column":0}}},"2":{"name":"setPage","decl":{"start":{"line":31,"column":0},"end":{"line":null,"column":-1}},"loc":{"start":{"line":31,"column":0},"end":{"line":38,"column":0}}}},"branchMap":{"0":{"loc":{"start":{"line":33,"column":0},"end":{"line":35,"column":0}},"type":"if","locations":[{"start":{"line":33,"column":0},"end":{"line":35,"column":0}},{"start":{"line":33,"column":0},"end":{"line":35,"column":0}}]},"1":{"loc":{"start":{"line":33,"column":0},"end":{"line":null,"column":-1}},"type":"binary-expr","locations":[{"start":{"line":33,"column":0},"end":{"line":null,"column":-1}},{"start":{"line":33,"column":0},"end":{"line":null,"column":-1}}]}},"s":{"0":0,"1":0,"2":0,"3":0,"4":0,"5":0,"6":0},"f":{"0":0,"1":0,"2":0},"b":{"0":[0,0],"1":[0,0]}}
,"/Users/Nour/Desktop/Development/lucidworks-test/search-spa/src/components/sessionSummary.vue": {"path":"/Users/Nour/Desktop/Development/lucidworks-test/search-spa/src/components/sessionSummary.vue","statementMap":{"0":{"start":{"line":18,"column":0},"end":{"line":null,"column":-1}}},"fnMap":{"0":{"name":"data","decl":{"start":{"line":17,"column":0},"end":{"line":null,"column":-1}},"loc":{"start":{"line":17,"column":0},"end":{"line":19,"column":0}}}},"branchMap":{},"s":{"0":0},"f":{"0":0},"b":{}}
,"/Users/Nour/Desktop/Development/lucidworks-test/search-spa/src/fusion/credentials.js": {"path":"/Users/Nour/Desktop/Development/lucidworks-test/search-spa/src/fusion/credentials.js","statementMap":{"0":{"start":{"line":1,"column":24},"end":{"line":1,"column":44}},"1":{"start":{"line":2,"column":24},"end":{"line":2,"column":44}}},"fnMap":{},"branchMap":{},"s":{"0":1,"1":1},"f":{},"b":{},"_coverageSchema":"332fd63041d2c1bcb487cc26dd0d5f7d97098a6c","hash":"ab7b2ed1bb24b8143465be046fe90b8c37c3eee8"}
,"/Users/Nour/Desktop/Development/lucidworks-test/search-spa/test/unit/setup.js": {"path":"/Users/Nour/Desktop/Development/lucidworks-test/search-spa/test/unit/setup.js","statementMap":{"0":{"start":{"line":3,"column":0},"end":{"line":3,"column":32}}},"fnMap":{},"branchMap":{},"s":{"0":1},"f":{},"b":{},"_coverageSchema":"332fd63041d2c1bcb487cc26dd0d5f7d97098a6c","hash":"50f6bf46f284152a15b46f6b93729bf07367f48d"}
}
