TN:
SF:/Users/Nour/Desktop/Development/lucidworks-test/search-spa/src/components/Listing.vue
FN:68,data
FN:88,start
FN:91,searchTerm
FN:96,start
FN:101,searchTerm
FN:109,mounted
FN:115,createSession
FN:118,(anonymous_9)
FN:120,(anonymous_10)
FN:124,getFusionData
FN:132,(anonymous_12)
FN:149,(anonymous_13)
FN:160,(anonymous_14)
FN:164,toggleFacet
FN:172,getBookmarks
FN:178,searchBookmark
FN:181,addBookmark
FN:184,(anonymous_19)
FN:196,(anonymous_20)
FNF:19
FNH:7
FNDA:1,data
FNDA:0,start
FNDA:0,searchTerm
FNDA:2,start
FNDA:2,searchTerm
FNDA:1,mounted
FNDA:1,createSession
FNDA:0,(anonymous_9)
FNDA:0,(anonymous_10)
FNDA:1,getFusionData
FNDA:0,(anonymous_12)
FNDA:0,(anonymous_13)
FNDA:0,(anonymous_14)
FNDA:0,toggleFacet
FNDA:1,getBookmarks
FNDA:0,searchBookmark
FNDA:0,addBookmark
FNDA:0,(anonymous_19)
FNDA:0,(anonymous_20)
DA:61,1
DA:62,1
DA:63,1
DA:64,1
DA:69,1
DA:89,0
DA:92,0
DA:97,2
DA:99,2
DA:102,2
DA:103,0
DA:105,2
DA:110,1
DA:111,1
DA:112,1
DA:116,1
DA:117,1
DA:118,1
DA:119,0
DA:121,0
DA:125,1
DA:126,1
DA:127,0
DA:130,1
DA:132,1
DA:133,0
DA:134,0
DA:135,0
DA:136,0
DA:137,0
DA:138,0
DA:139,0
DA:140,0
DA:141,0
DA:142,0
DA:143,0
DA:144,0
DA:145,0
DA:147,0
DA:148,0
DA:149,0
DA:150,0
DA:151,0
DA:152,0
DA:153,0
DA:154,0
DA:155,0
DA:156,0
DA:157,0
DA:158,0
DA:161,0
DA:165,0
DA:166,0
DA:168,0
DA:170,0
DA:173,1
DA:174,1
DA:175,0
DA:179,0
DA:181,0
DA:182,0
DA:183,0
DA:184,0
DA:186,0
DA:187,0
DA:191,0
DA:192,0
DA:193,0
DA:195,0
DA:196,0
DA:197,0
LF:71
LH:21
BRDA:97,0,0,1
BRDA:97,0,1,1
BRDA:102,1,0,0
BRDA:102,1,1,2
BRDA:102,2,0,2
BRDA:102,2,1,2
BRDA:165,3,0,0
BRDA:165,3,1,0
BRDA:174,4,0,0
BRDA:174,4,1,1
BRDA:174,5,0,1
BRDA:174,5,1,0
BRDA:183,6,0,0
BRDA:183,6,1,0
BRDA:183,7,0,0
BRDA:183,7,1,0
BRDA:186,8,0,0
BRDA:186,8,1,0
BRDA:191,9,0,0
BRDA:191,9,1,0
BRF:20
BRH:7
end_of_record
TN:
SF:/Users/Nour/Desktop/Development/lucidworks-test/search-spa/src/components/pageHeader.vue
FN:22,data
FN:28,searchTerm
FN:33,searchHistory
FN:43,mounted
FN:47,search
FN:51,updateSearchHistory
FN:54,(anonymous_8)
FN:66,checkUrl
FNF:8
FNH:6
FNDA:1,data
FNDA:0,searchTerm
FNDA:1,searchHistory
FNDA:1,mounted
FNDA:1,search
FNDA:1,updateSearchHistory
FNDA:0,(anonymous_8)
FNDA:1,checkUrl
DA:23,1
DA:29,0
DA:35,1
DA:36,1
DA:37,0
DA:39,1
DA:44,1
DA:48,1
DA:49,1
DA:51,1
DA:52,1
DA:53,1
DA:54,1
DA:56,0
DA:57,0
DA:61,1
DA:62,0
DA:63,0
DA:67,1
DA:68,0
LF:20
LH:13
BRDA:36,0,0,0
BRDA:36,0,1,1
BRDA:36,1,0,1
BRDA:36,1,1,0
BRDA:53,2,0,0
BRDA:53,2,1,1
BRDA:56,3,0,0
BRDA:56,3,1,0
BRDA:61,4,0,0
BRDA:61,4,1,1
BRDA:61,5,0,1
BRDA:61,5,1,1
BRDA:67,6,0,0
BRDA:67,6,1,1
BRDA:67,7,0,1
BRDA:67,7,1,1
BRDA:67,7,2,0
BRF:17
BRH:9
end_of_record
TN:
SF:/Users/Nour/Desktop/Development/lucidworks-test/search-spa/src/components/pagination.vue
FN:19,data
FN:25,totalPages
FN:31,setPage
FNF:3
FNH:0
FNDA:0,data
FNDA:0,totalPages
FNDA:0,setPage
DA:20,0
DA:27,0
DA:32,0
DA:33,0
DA:34,0
DA:36,0
DA:37,0
LF:7
LH:0
BRDA:33,0,0,0
BRDA:33,0,1,0
BRDA:33,1,0,0
BRDA:33,1,1,0
BRF:4
BRH:0
end_of_record
TN:
SF:/Users/Nour/Desktop/Development/lucidworks-test/search-spa/src/components/sessionSummary.vue
FN:17,data
FNF:1
FNH:0
FNDA:0,data
DA:18,0
LF:1
LH:0
BRF:0
BRH:0
end_of_record
TN:
SF:/Users/Nour/Desktop/Development/lucidworks-test/search-spa/src/fusion/credentials.js
FNF:0
FNH:0
DA:1,1
DA:2,1
LF:2
LH:2
BRF:0
BRH:0
end_of_record
TN:
SF:/Users/Nour/Desktop/Development/lucidworks-test/search-spa/test/unit/setup.js
FNF:0
FNH:0
DA:3,1
LF:1
LH:1
BRF:0
BRH:0
end_of_record
